producer_class	xtools.gsea.GseaPreranked
producer_timestamp	1614283109201
param	rpt_label	antiPD1_response_analysis
param	rnd_seed	timestamp
param	set_min	15
param	chip	ftp.broadinstitute.org://pub/gsea/annotations_versioned/Human_ENSEMBL_Gene_ID_MSigDB.v7.2.chip
param	zip_report	false
param	create_svgs	false
param	scoring_scheme	weighted
param	rnk	/Users/danielwang/Documents/immunotherapy-gene-profiling/Gene Set Enrichment Analysis/preranked_genes.rnk.txt
param	norm	meandiv
param	out	/Users/danielwang/gsea_home/output/feb25
param	mode	Max_probe
param	include_only_symbols	true
param	help	false
param	set_max	500
param	gmx	ftp.broadinstitute.org://pub/gsea/gene_sets/h.all.v7.2.symbols.gmt
param	make_sets	true
param	plot_top_x	20
param	gui	false
param	nperm	1000
param	collapse	Collapse

file	/Users/danielwang/gsea_home/output/feb25/antiPD1_response_analysis.GseaPreranked.1614283109201/index.html
